


ARM Macro Assembler    Page 1 


    1 00000000                 PRESERVE8
    2 00000000                 THUMB
    3 00000000                 export           DFT_ModuleAuCarre
    4 00000000         
    5 00000000         ; ====================== zone de réservation de données,
                         ======================================
    6 00000000         ;Section RAM (read only) :
    7 00000000                 area             mesdata,data,readonly
    8 00000000         
    9 00000000         
   10 00000000         ;Section RAM (read write):
   11 00000000                 area             maram,data,readwrite
   12 00000000         
   13 00000000         
   14 00000000         
   15 00000000         ; ======================================================
                       =========================================
   16 00000000         
   17 00000000         
   18 00000000         
   19 00000000         
   20 00000000         ;Section ROM code (read only) :  
   21 00000000                 area             moncode,code,readonly
   22 00000000         ; écrire le code ici  
   23 00000000         
   24 00000000         ;module au carre en C
   25 00000000         ;int FDT_ModuleAuCarre(short int*, char);
   26 00000000         ; long int reel = PartieReel(x, k);
   27 00000000         ; long int ima = PartieIma(x, k);
   28 00000000         ; reel *= reel
   29 00000000         ;  ima *= ima;
   30 00000000         ; int dft = (reel>>5) + (ima>>5);
   31 00000000         ; return dft
   32 00000000         
   33 00000000         
   34 00000000         DFT_ModuleAuCarre
                               proc
   35 00000000         ;partie reelle
   36 00000000 B503            push             {r0, r1, lr}
   37 00000002 F7FF FFFE       bl               PartieReel
   38 00000006 4602            mov              r2,r0
   39 00000008 E8BD 4003       pop              {r0,r1,lr}
   40 0000000C         
   41 0000000C         ;partie imaginaire
   42 0000000C B507            push             {r0,r1,r2, lr}
   43 0000000E F7FF FFFE       bl               PartieImaginaire
   44 00000012 4603            mov              r3, r0
   45 00000014 E8BD 4007       pop              {r0,r1,r2, lr}
   46 00000018         
   47 00000018         ;maintenant on calcule le carre des partie reelle et ima
                       
   48 00000018         ;on va multiplier 2 variable 32bits au format 5.27
   49 00000018         ;pour eviter les erreurs on va utiliser smull qui va nou
                       s faire une multiplication en
   50 00000018         ;mettant les 32 bits de poids faible du resultat de la m
                       ultiplication dans le 1er registre, et les 32 bits de po
                       ids fort dans le 2e registre
   51 00000018 FB82 1002       smull            r1, r0, r2, r2
   52 0000001C FB83 2103       smull            r2, r1, r3, r3



ARM Macro Assembler    Page 2 


   53 00000020         ;on ne va garder que les bits les plus significatifs et 
                       on va donc passer a un format 10.22
   54 00000020 4408            add              r0, r1
   55 00000022 4770            bx               lr
   56 00000024                 endp
   57 00000024         
   58 00000024         
   59 00000024         ;int PartieReel(short int* x, char k){
   60 00000024         ; int reel = 0;
   61 00000024         ; for (int n=0; n < 64; n++){
   62 00000024         ;  int index = (k*n) % 64;
   63 00000024         ;  reel += x[n]*TabCos[index];
   64 00000024         ; }
   65 00000024         ; return reel; 
   66 00000024         ;}
   67 00000024         
   68 00000024         
   69 00000024         PartieReel
                               proc
   70 00000024 E92D 01F0       push{r4,r5,r6,r7,r8}
   71 00000028 F04F 0200       mov              r2, #0      ;n=0, r0=x, r1=k
   72 0000002C         ;debut de la boucle
   73 0000002C         TantQueReel
   74 0000002C F04F 0340       mov              r3, #64     ;M=64
   75 00000030 F930 4012       ldrsh            r4, [r0, r2, lsl #1] ; recupera
                                                            tion de x a l'index
                                                             n
   76 00000034 FB01 F502       mul              r5, r1, r2  ; on fait p = k*n
   77 00000038 F005 053F       and              r5, #63     ;on fait le modulo
   78 0000003C F93F 8004       ldrsh            r8, TabCos
   79 00000040 F938 6015       ldrsh            r6,[r8, r5, lsl #1] ;on fait le
                                                             cos(2*pi*p/M)
   80 00000044 FB06 F604       mul              r6, r4      ;on fait x(n) * cos
                                                            (2*pi*p/M)
   81 00000048 19BF            adds             r7,r6       ;ajoute dans la som
                                                            me tot (deborde pas
                                                             car format 5.27)
   82 0000004A F102 0201       add              r2, #1      ;on incremente n
   83 0000004E 1A9B            subs             r3, r2      ;on teste si on est
                                                             a la fin de la bou
                                                            cle (lorsque n vaut
                                                             64) si r3 differen
                                                            t de r2 on reboucle
                                                            
   84 00000050 D1EC            bne              TantQueReel
   85 00000052         FinTantQueReel
   86 00000052 4638            mov              r0, r7
   87 00000054 E8BD 01F0       pop              {r4, r5, r6, r7,r8}
   88 00000058 4770            bx               lr
   89 0000005A                 endp
   90 0000005A         
   91 0000005A         
   92 0000005A         PartieImaginaire
                               proc
   93 0000005A E92D 01F0       push{r4,r5,r6,r7,r8}
   94 0000005E F04F 0200       mov              r2, #0      ;n=0, r0=x, r1=k
   95 00000062         ;debut de la boucle
   96 00000062         TantQueIma
   97 00000062 F04F 0340       mov              r3, #64     ;M=64



ARM Macro Assembler    Page 3 


   98 00000066 F930 4012       ldrsh            r4, [r0, r2, lsl #1] ; recupera
                                                            tion de x a l'index
                                                             n
   99 0000006A FB01 F502       mul              r5, r1, r2  ; on fait p = k*n
  100 0000006E F005 053F       and              r5, #63     ;on fait le modulo
  101 00000072 F93F 8004       ldrsh            r8, TabSin
  102 00000076 F938 6015       ldrsh            r6, [r8, r5, lsl #1] ;on fait l
                                                            e sin(2*pi*p/M)
  103 0000007A FB06 F604       mul              r6, r4      ;on fait x(n) * cos
                                                            (2*pi*p/M)
  104 0000007E 19BF            adds             r7,r6       ;ajoute dans la som
                                                            me tot (deborde pas
                                                             car format 5.27)
  105 00000080 F102 0201       add              r2, #1      ;on incremente n
  106 00000084 1A9B            subs             r3, r2      ;on teste si on est
                                                             a la fin de la bou
                                                            cle (lorsque n vaut
                                                             64)
  107 00000086 D1EC            bne              TantQueIma
  108 00000088         FinTantQueIma
  109 00000088 4638            mov              r0, r7
  110 0000008A E8BD 01F0       pop              {r4, r5, r6, r7,r8}
  111 0000008E 4770            bx               lr
  112 00000090                 endp
  113 00000090         
  114 00000090         
  115 00000090         ;Section ROM code (read only) :  
  116 00000090                 AREA             Trigo, DATA, READONLY
  117 00000000         ; codage fractionnaire 1.15
  118 00000000         
  119 00000000         TabCos
  120 00000000 FF 7F           DCW              32767       ;  0 0x7fff  0.9999
                                                            7
  121 00000002 62 7F           DCW              32610       ;  1 0x7f62  0.9951
                                                            8
  122 00000004 8A 7D           DCW              32138       ;  2 0x7d8a  0.9807
                                                            7
  123 00000006 7D 7A           DCW              31357       ;  3 0x7a7d  0.9569
                                                            4
  124 00000008 42 76           DCW              30274       ;  4 0x7642  0.9238
                                                            9
  125 0000000A E3 70           DCW              28899       ;  5 0x70e3  0.8819
                                                            3
  126 0000000C 6E 6A           DCW              27246       ;  6 0x6a6e  0.8314
                                                            8
  127 0000000E F2 62           DCW              25330       ;  7 0x62f2  0.7730
                                                            1
  128 00000010 82 5A           DCW              23170       ;  8 0x5a82  0.7070
                                                            9
  129 00000012 34 51           DCW              20788       ;  9 0x5134  0.6344
                                                            0
  130 00000014 1D 47           DCW              18205       ; 10 0x471d  0.5555
                                                            7
  131 00000016 57 3C           DCW              15447       ; 11 0x3c57  0.4714
                                                            1
  132 00000018 FC 30           DCW              12540       ; 12 0x30fc  0.3826
                                                            9
  133 0000001A 28 25           DCW              9512        ; 13 0x2528  0.2902
                                                            8



ARM Macro Assembler    Page 4 


  134 0000001C F9 18           DCW              6393        ; 14 0x18f9  0.1951
                                                            0
  135 0000001E 8C 0C           DCW              3212        ; 15 0x0c8c  0.0980
                                                            2
  136 00000020 00 00           DCW              0           ; 16 0x0000  0.0000
                                                            0
  137 00000022 74 F3           DCW              -3212       ; 17 0xf374 -0.0980
                                                            2
  138 00000024 07 E7           DCW              -6393       ; 18 0xe707 -0.1951
                                                            0
  139 00000026 D8 DA           DCW              -9512       ; 19 0xdad8 -0.2902
                                                            8
  140 00000028 04 CF           DCW              -12540      ; 20 0xcf04 -0.3826
                                                            9
  141 0000002A A9 C3           DCW              -15447      ; 21 0xc3a9 -0.4714
                                                            1
  142 0000002C E3 B8           DCW              -18205      ; 22 0xb8e3 -0.5555
                                                            7
  143 0000002E CC AE           DCW              -20788      ; 23 0xaecc -0.6344
                                                            0
  144 00000030 7E A5           DCW              -23170      ; 24 0xa57e -0.7070
                                                            9
  145 00000032 0E 9D           DCW              -25330      ; 25 0x9d0e -0.7730
                                                            1
  146 00000034 92 95           DCW              -27246      ; 26 0x9592 -0.8314
                                                            8
  147 00000036 1D 8F           DCW              -28899      ; 27 0x8f1d -0.8819
                                                            3
  148 00000038 BE 89           DCW              -30274      ; 28 0x89be -0.9238
                                                            9
  149 0000003A 83 85           DCW              -31357      ; 29 0x8583 -0.9569
                                                            4
  150 0000003C 76 82           DCW              -32138      ; 30 0x8276 -0.9807
                                                            7
  151 0000003E 9E 80           DCW              -32610      ; 31 0x809e -0.9951
                                                            8
  152 00000040 00 80           DCW              -32768      ; 32 0x8000 -1.0000
                                                            0
  153 00000042 9E 80           DCW              -32610      ; 33 0x809e -0.9951
                                                            8
  154 00000044 76 82           DCW              -32138      ; 34 0x8276 -0.9807
                                                            7
  155 00000046 83 85           DCW              -31357      ; 35 0x8583 -0.9569
                                                            4
  156 00000048 BE 89           DCW              -30274      ; 36 0x89be -0.9238
                                                            9
  157 0000004A 1D 8F           DCW              -28899      ; 37 0x8f1d -0.8819
                                                            3
  158 0000004C 92 95           DCW              -27246      ; 38 0x9592 -0.8314
                                                            8
  159 0000004E 0E 9D           DCW              -25330      ; 39 0x9d0e -0.7730
                                                            1
  160 00000050 7E A5           DCW              -23170      ; 40 0xa57e -0.7070
                                                            9
  161 00000052 CC AE           DCW              -20788      ; 41 0xaecc -0.6344
                                                            0
  162 00000054 E3 B8           DCW              -18205      ; 42 0xb8e3 -0.5555
                                                            7
  163 00000056 A9 C3           DCW              -15447      ; 43 0xc3a9 -0.4714



ARM Macro Assembler    Page 5 


                                                            1
  164 00000058 04 CF           DCW              -12540      ; 44 0xcf04 -0.3826
                                                            9
  165 0000005A D8 DA           DCW              -9512       ; 45 0xdad8 -0.2902
                                                            8
  166 0000005C 07 E7           DCW              -6393       ; 46 0xe707 -0.1951
                                                            0
  167 0000005E 74 F3           DCW              -3212       ; 47 0xf374 -0.0980
                                                            2
  168 00000060 00 00           DCW              0           ; 48 0x0000  0.0000
                                                            0
  169 00000062 8C 0C           DCW              3212        ; 49 0x0c8c  0.0980
                                                            2
  170 00000064 F9 18           DCW              6393        ; 50 0x18f9  0.1951
                                                            0
  171 00000066 28 25           DCW              9512        ; 51 0x2528  0.2902
                                                            8
  172 00000068 FC 30           DCW              12540       ; 52 0x30fc  0.3826
                                                            9
  173 0000006A 57 3C           DCW              15447       ; 53 0x3c57  0.4714
                                                            1
  174 0000006C 1D 47           DCW              18205       ; 54 0x471d  0.5555
                                                            7
  175 0000006E 34 51           DCW              20788       ; 55 0x5134  0.6344
                                                            0
  176 00000070 82 5A           DCW              23170       ; 56 0x5a82  0.7070
                                                            9
  177 00000072 F2 62           DCW              25330       ; 57 0x62f2  0.7730
                                                            1
  178 00000074 6E 6A           DCW              27246       ; 58 0x6a6e  0.8314
                                                            8
  179 00000076 E3 70           DCW              28899       ; 59 0x70e3  0.8819
                                                            3
  180 00000078 42 76           DCW              30274       ; 60 0x7642  0.9238
                                                            9
  181 0000007A 7D 7A           DCW              31357       ; 61 0x7a7d  0.9569
                                                            4
  182 0000007C 8A 7D           DCW              32138       ; 62 0x7d8a  0.9807
                                                            7
  183 0000007E 62 7F           DCW              32610       ; 63 0x7f62  0.9951
                                                            8
  184 00000080         TabSin
  185 00000080 00 00           DCW              0           ;  0 0x0000  0.0000
                                                            0
  186 00000082 8C 0C           DCW              3212        ;  1 0x0c8c  0.0980
                                                            2
  187 00000084 F9 18           DCW              6393        ;  2 0x18f9  0.1951
                                                            0
  188 00000086 28 25           DCW              9512        ;  3 0x2528  0.2902
                                                            8
  189 00000088 FC 30           DCW              12540       ;  4 0x30fc  0.3826
                                                            9
  190 0000008A 57 3C           DCW              15447       ;  5 0x3c57  0.4714
                                                            1
  191 0000008C 1D 47           DCW              18205       ;  6 0x471d  0.5555
                                                            7
  192 0000008E 34 51           DCW              20788       ;  7 0x5134  0.6344
                                                            0
  193 00000090 82 5A           DCW              23170       ;  8 0x5a82  0.7070



ARM Macro Assembler    Page 6 


                                                            9
  194 00000092 F2 62           DCW              25330       ;  9 0x62f2  0.7730
                                                            1
  195 00000094 6E 6A           DCW              27246       ; 10 0x6a6e  0.8314
                                                            8
  196 00000096 E3 70           DCW              28899       ; 11 0x70e3  0.8819
                                                            3
  197 00000098 42 76           DCW              30274       ; 12 0x7642  0.9238
                                                            9
  198 0000009A 7D 7A           DCW              31357       ; 13 0x7a7d  0.9569
                                                            4
  199 0000009C 8A 7D           DCW              32138       ; 14 0x7d8a  0.9807
                                                            7
  200 0000009E 62 7F           DCW              32610       ; 15 0x7f62  0.9951
                                                            8
  201 000000A0 FF 7F           DCW              32767       ; 16 0x7fff  0.9999
                                                            7
  202 000000A2 62 7F           DCW              32610       ; 17 0x7f62  0.9951
                                                            8
  203 000000A4 8A 7D           DCW              32138       ; 18 0x7d8a  0.9807
                                                            7
  204 000000A6 7D 7A           DCW              31357       ; 19 0x7a7d  0.9569
                                                            4
  205 000000A8 42 76           DCW              30274       ; 20 0x7642  0.9238
                                                            9
  206 000000AA E3 70           DCW              28899       ; 21 0x70e3  0.8819
                                                            3
  207 000000AC 6E 6A           DCW              27246       ; 22 0x6a6e  0.8314
                                                            8
  208 000000AE F2 62           DCW              25330       ; 23 0x62f2  0.7730
                                                            1
  209 000000B0 82 5A           DCW              23170       ; 24 0x5a82  0.7070
                                                            9
  210 000000B2 34 51           DCW              20788       ; 25 0x5134  0.6344
                                                            0
  211 000000B4 1D 47           DCW              18205       ; 26 0x471d  0.5555
                                                            7
  212 000000B6 57 3C           DCW              15447       ; 27 0x3c57  0.4714
                                                            1
  213 000000B8 FC 30           DCW              12540       ; 28 0x30fc  0.3826
                                                            9
  214 000000BA 28 25           DCW              9512        ; 29 0x2528  0.2902
                                                            8
  215 000000BC F9 18           DCW              6393        ; 30 0x18f9  0.1951
                                                            0
  216 000000BE 8C 0C           DCW              3212        ; 31 0x0c8c  0.0980
                                                            2
  217 000000C0 00 00           DCW              0           ; 32 0x0000  0.0000
                                                            0
  218 000000C2 74 F3           DCW              -3212       ; 33 0xf374 -0.0980
                                                            2
  219 000000C4 07 E7           DCW              -6393       ; 34 0xe707 -0.1951
                                                            0
  220 000000C6 D8 DA           DCW              -9512       ; 35 0xdad8 -0.2902
                                                            8
  221 000000C8 04 CF           DCW              -12540      ; 36 0xcf04 -0.3826
                                                            9
  222 000000CA A9 C3           DCW              -15447      ; 37 0xc3a9 -0.4714
                                                            1



ARM Macro Assembler    Page 7 


  223 000000CC E3 B8           DCW              -18205      ; 38 0xb8e3 -0.5555
                                                            7
  224 000000CE CC AE           DCW              -20788      ; 39 0xaecc -0.6344
                                                            0
  225 000000D0 7E A5           DCW              -23170      ; 40 0xa57e -0.7070
                                                            9
  226 000000D2 0E 9D           DCW              -25330      ; 41 0x9d0e -0.7730
                                                            1
  227 000000D4 92 95           DCW              -27246      ; 42 0x9592 -0.8314
                                                            8
  228 000000D6 1D 8F           DCW              -28899      ; 43 0x8f1d -0.8819
                                                            3
  229 000000D8 BE 89           DCW              -30274      ; 44 0x89be -0.9238
                                                            9
  230 000000DA 83 85           DCW              -31357      ; 45 0x8583 -0.9569
                                                            4
  231 000000DC 76 82           DCW              -32138      ; 46 0x8276 -0.9807
                                                            7
  232 000000DE 9E 80           DCW              -32610      ; 47 0x809e -0.9951
                                                            8
  233 000000E0 00 80           DCW              -32768      ; 48 0x8000 -1.0000
                                                            0
  234 000000E2 9E 80           DCW              -32610      ; 49 0x809e -0.9951
                                                            8
  235 000000E4 76 82           DCW              -32138      ; 50 0x8276 -0.9807
                                                            7
  236 000000E6 83 85           DCW              -31357      ; 51 0x8583 -0.9569
                                                            4
  237 000000E8 BE 89           DCW              -30274      ; 52 0x89be -0.9238
                                                            9
  238 000000EA 1D 8F           DCW              -28899      ; 53 0x8f1d -0.8819
                                                            3
  239 000000EC 92 95           DCW              -27246      ; 54 0x9592 -0.8314
                                                            8
  240 000000EE 0E 9D           DCW              -25330      ; 55 0x9d0e -0.7730
                                                            1
  241 000000F0 7E A5           DCW              -23170      ; 56 0xa57e -0.7070
                                                            9
  242 000000F2 CC AE           DCW              -20788      ; 57 0xaecc -0.6344
                                                            0
  243 000000F4 E3 B8           DCW              -18205      ; 58 0xb8e3 -0.5555
                                                            7
  244 000000F6 A9 C3           DCW              -15447      ; 59 0xc3a9 -0.4714
                                                            1
  245 000000F8 04 CF           DCW              -12540      ; 60 0xcf04 -0.3826
                                                            9
  246 000000FA D8 DA           DCW              -9512       ; 61 0xdad8 -0.2902
                                                            8
  247 000000FC 07 E7           DCW              -6393       ; 62 0xe707 -0.1951
                                                            0
  248 000000FE 74 F3           DCW              -3212       ; 63 0xf374 -0.0980
                                                            2
  249 00000100         
  250 00000100         
  251 00000100         
  252 00000100         
  253 00000100                 END
Command Line: --debug --xref --diag_suppress=9931 --cpu=Cortex-M3 --apcs=interw
ork --depend=.\obj\dft.d -o.\obj\dft.o -I.\RTE\_Simu -IC:\Programdata\Keil\Arm\



ARM Macro Assembler    Page 8 


Packs\ARM\CMSIS\5.7.0\CMSIS\Core\Include -IC:\Programdata\Keil\Arm\Packs\Keil\S
TM32F1xx_DFP\2.3.0\Device\Include --predefine="__EVAL SETA 1" --predefine="__MI
CROLIB SETA 1" --predefine="__UVISION_VERSION SETA 530" --predefine="_RTE_ SETA
 1" --predefine="STM32F10X_MD SETA 1" --predefine="_RTE_ SETA 1" --list=dft.lst
 ASM\DFT.s



ARM Macro Assembler    Page 1 Alphabetic symbol ordering
Relocatable symbols

mesdata 00000000

Symbol: mesdata
   Definitions
      At line 7 in file ASM\DFT.s
   Uses
      None
Comment: mesdata unused
1 symbol



ARM Macro Assembler    Page 1 Alphabetic symbol ordering
Relocatable symbols

maram 00000000

Symbol: maram
   Definitions
      At line 11 in file ASM\DFT.s
   Uses
      None
Comment: maram unused
1 symbol



ARM Macro Assembler    Page 1 Alphabetic symbol ordering
Relocatable symbols

DFT_ModuleAuCarre 00000000

Symbol: DFT_ModuleAuCarre
   Definitions
      At line 34 in file ASM\DFT.s
   Uses
      At line 3 in file ASM\DFT.s
Comment: DFT_ModuleAuCarre used once
FinTantQueIma 00000088

Symbol: FinTantQueIma
   Definitions
      At line 108 in file ASM\DFT.s
   Uses
      None
Comment: FinTantQueIma unused
FinTantQueReel 00000052

Symbol: FinTantQueReel
   Definitions
      At line 85 in file ASM\DFT.s
   Uses
      None
Comment: FinTantQueReel unused
PartieImaginaire 0000005A

Symbol: PartieImaginaire
   Definitions
      At line 92 in file ASM\DFT.s
   Uses
      At line 43 in file ASM\DFT.s
Comment: PartieImaginaire used once
PartieReel 00000024

Symbol: PartieReel
   Definitions
      At line 69 in file ASM\DFT.s
   Uses
      At line 37 in file ASM\DFT.s
Comment: PartieReel used once
TantQueIma 00000062

Symbol: TantQueIma
   Definitions
      At line 96 in file ASM\DFT.s
   Uses
      At line 107 in file ASM\DFT.s
Comment: TantQueIma used once
TantQueReel 0000002C

Symbol: TantQueReel
   Definitions
      At line 73 in file ASM\DFT.s
   Uses
      At line 84 in file ASM\DFT.s
Comment: TantQueReel used once
moncode 00000000

Symbol: moncode



ARM Macro Assembler    Page 2 Alphabetic symbol ordering
Relocatable symbols

   Definitions
      At line 21 in file ASM\DFT.s
   Uses
      None
Comment: moncode unused
8 symbols



ARM Macro Assembler    Page 1 Alphabetic symbol ordering
Relocatable symbols

TabCos 00000000

Symbol: TabCos
   Definitions
      At line 119 in file ASM\DFT.s
   Uses
      At line 78 in file ASM\DFT.s
Comment: TabCos used once
TabSin 00000080

Symbol: TabSin
   Definitions
      At line 184 in file ASM\DFT.s
   Uses
      At line 101 in file ASM\DFT.s
Comment: TabSin used once
Trigo 00000000

Symbol: Trigo
   Definitions
      At line 116 in file ASM\DFT.s
   Uses
      None
Comment: Trigo unused
3 symbols
348 symbols in table
